{"C:\\Users\\bored\\Desktop\\myreactapp\\src\\action-creators.js": {"path":"C:\\Users\\bored\\Desktop\\myreactapp\\src\\action-creators.js","statementMap":{"0":{"start":{"line":9,"column":30},"end":{"line":12,"column":2}},"1":{"start":{"line":9,"column":46},"end":{"line":12,"column":1}},"2":{"start":{"line":14,"column":30},"end":{"line":17,"column":2}},"3":{"start":{"line":14,"column":49},"end":{"line":17,"column":1}},"4":{"start":{"line":20,"column":29},"end":{"line":23,"column":2}},"5":{"start":{"line":20,"column":59},"end":{"line":23,"column":1}}},"fnMap":{"0":{"name":"(anonymous_0)","decl":{"start":{"line":9,"column":30},"end":{"line":9,"column":31}},"loc":{"start":{"line":9,"column":46},"end":{"line":12,"column":1}},"line":9},"1":{"name":"(anonymous_1)","decl":{"start":{"line":14,"column":30},"end":{"line":14,"column":31}},"loc":{"start":{"line":14,"column":49},"end":{"line":17,"column":1}},"line":14},"2":{"name":"(anonymous_2)","decl":{"start":{"line":20,"column":29},"end":{"line":20,"column":30}},"loc":{"start":{"line":20,"column":59},"end":{"line":23,"column":1}},"line":20}},"branchMap":{"0":{"loc":{"start":{"line":9,"column":31},"end":{"line":9,"column":40}},"type":"default-arg","locations":[{"start":{"line":9,"column":38},"end":{"line":9,"column":40}}],"line":9},"1":{"loc":{"start":{"line":14,"column":31},"end":{"line":14,"column":43}},"type":"default-arg","locations":[{"start":{"line":14,"column":38},"end":{"line":14,"column":43}}],"line":14},"2":{"loc":{"start":{"line":20,"column":30},"end":{"line":20,"column":53}},"type":"default-arg","locations":[{"start":{"line":20,"column":47},"end":{"line":20,"column":53}}],"line":20}},"s":{"0":2,"1":2,"2":2,"3":3,"4":2,"5":4},"f":{"0":2,"1":3,"2":4},"b":{"0":[0],"1":[0],"2":[0]},"_coverageSchema":"43e27e138ebf9cfc5966b082cf9a028302ed4184","hash":"11b8b7900bbd7853cff3791ccce3c32f4c419e1f"}
,"C:\\Users\\bored\\Desktop\\myreactapp\\src\\actions.js": {"path":"C:\\Users\\bored\\Desktop\\myreactapp\\src\\actions.js","statementMap":{"0":{"start":{"line":4,"column":30},"end":{"line":9,"column":1}},"1":{"start":{"line":4,"column":52},"end":{"line":9,"column":1}},"2":{"start":{"line":5,"column":3},"end":{"line":8,"column":6}},"3":{"start":{"line":11,"column":30},"end":{"line":17,"column":1}},"4":{"start":{"line":11,"column":55},"end":{"line":17,"column":1}},"5":{"start":{"line":12,"column":4},"end":{"line":15,"column":6}},"6":{"start":{"line":19,"column":31},"end":{"line":46,"column":1}},"7":{"start":{"line":19,"column":37},"end":{"line":46,"column":1}},"8":{"start":{"line":20,"column":26},"end":{"line":20,"column":46}},"9":{"start":{"line":21,"column":26},"end":{"line":21,"column":46}},"10":{"start":{"line":23,"column":28},"end":{"line":43,"column":8}},"11":{"start":{"line":24,"column":8},"end":{"line":42,"column":9}},"12":{"start":{"line":27,"column":16},"end":{"line":29,"column":17}},"13":{"start":{"line":28,"column":20},"end":{"line":28,"column":34}},"14":{"start":{"line":30,"column":16},"end":{"line":31,"column":81}},"15":{"start":{"line":34,"column":16},"end":{"line":40,"column":81}},"16":{"start":{"line":36,"column":20},"end":{"line":36,"column":89}},"17":{"start":{"line":39,"column":16},"end":{"line":40,"column":81}},"18":{"start":{"line":44,"column":3},"end":{"line":44,"column":50}}},"fnMap":{"0":{"name":"(anonymous_0)","decl":{"start":{"line":4,"column":30},"end":{"line":4,"column":31}},"loc":{"start":{"line":4,"column":52},"end":{"line":9,"column":1}},"line":4},"1":{"name":"(anonymous_1)","decl":{"start":{"line":4,"column":52},"end":{"line":4,"column":53}},"loc":{"start":{"line":4,"column":66},"end":{"line":9,"column":1}},"line":4},"2":{"name":"(anonymous_2)","decl":{"start":{"line":11,"column":30},"end":{"line":11,"column":31}},"loc":{"start":{"line":11,"column":55},"end":{"line":17,"column":1}},"line":11},"3":{"name":"(anonymous_3)","decl":{"start":{"line":11,"column":55},"end":{"line":11,"column":56}},"loc":{"start":{"line":11,"column":69},"end":{"line":17,"column":1}},"line":11},"4":{"name":"(anonymous_4)","decl":{"start":{"line":19,"column":31},"end":{"line":19,"column":32}},"loc":{"start":{"line":19,"column":37},"end":{"line":46,"column":1}},"line":19},"5":{"name":"(anonymous_5)","decl":{"start":{"line":19,"column":37},"end":{"line":19,"column":38}},"loc":{"start":{"line":19,"column":61},"end":{"line":46,"column":1}},"line":19},"6":{"name":"(anonymous_6)","decl":{"start":{"line":23,"column":42},"end":{"line":23,"column":43}},"loc":{"start":{"line":23,"column":52},"end":{"line":43,"column":7}},"line":23}},"branchMap":{"0":{"loc":{"start":{"line":4,"column":31},"end":{"line":4,"column":47}},"type":"default-arg","locations":[{"start":{"line":4,"column":45},"end":{"line":4,"column":47}}],"line":4},"1":{"loc":{"start":{"line":11,"column":31},"end":{"line":11,"column":50}},"type":"default-arg","locations":[{"start":{"line":11,"column":45},"end":{"line":11,"column":50}}],"line":11},"2":{"loc":{"start":{"line":24,"column":8},"end":{"line":42,"column":9}},"type":"switch","locations":[{"start":{"line":25,"column":12},"end":{"line":25,"column":22}},{"start":{"line":26,"column":12},"end":{"line":31,"column":81}},{"start":{"line":33,"column":12},"end":{"line":40,"column":81}}],"line":24},"3":{"loc":{"start":{"line":27,"column":16},"end":{"line":29,"column":17}},"type":"if","locations":[{"start":{"line":27,"column":16},"end":{"line":29,"column":17}},{"start":{"line":27,"column":16},"end":{"line":29,"column":17}}],"line":27},"4":{"loc":{"start":{"line":27,"column":19},"end":{"line":27,"column":65}},"type":"binary-expr","locations":[{"start":{"line":27,"column":19},"end":{"line":27,"column":40}},{"start":{"line":27,"column":44},"end":{"line":27,"column":65}}],"line":27},"5":{"loc":{"start":{"line":30,"column":23},"end":{"line":31,"column":80}},"type":"binary-expr","locations":[{"start":{"line":30,"column":23},"end":{"line":30,"column":87}},{"start":{"line":31,"column":19},"end":{"line":31,"column":80}}],"line":30},"6":{"loc":{"start":{"line":34,"column":16},"end":{"line":40,"column":81}},"type":"if","locations":[{"start":{"line":34,"column":16},"end":{"line":40,"column":81}},{"start":{"line":34,"column":16},"end":{"line":40,"column":81}}],"line":34},"7":{"loc":{"start":{"line":39,"column":23},"end":{"line":40,"column":80}},"type":"binary-expr","locations":[{"start":{"line":39,"column":23},"end":{"line":39,"column":84}},{"start":{"line":40,"column":19},"end":{"line":40,"column":80}}],"line":39}},"s":{"0":1,"1":1,"2":1,"3":1,"4":2,"5":2,"6":1,"7":3,"8":3,"9":3,"10":3,"11":126,"12":84,"13":0,"14":84,"15":42,"16":0,"17":42,"18":3},"f":{"0":1,"1":1,"2":2,"3":2,"4":3,"5":3,"6":126},"b":{"0":[0],"1":[0],"2":[0,84,42],"3":[0,84],"4":[84,84],"5":[84,84],"6":[0,42],"7":[42,1]},"_coverageSchema":"43e27e138ebf9cfc5966b082cf9a028302ed4184","hash":"4497bb76362b11ee829755497ef1ff66ae9fbf84"}
,"C:\\Users\\bored\\Desktop\\myreactapp\\src\\connect-components.js": {"path":"C:\\Users\\bored\\Desktop\\myreactapp\\src\\connect-components.js","statementMap":{"0":{"start":{"line":7,"column":2},"end":{"line":10,"column":14}}},"fnMap":{"0":{"name":"(anonymous_0)","decl":{"start":{"line":6,"column":15},"end":{"line":6,"column":16}},"loc":{"start":{"line":7,"column":2},"end":{"line":10,"column":14}},"line":7}},"branchMap":{},"s":{"0":0},"f":{"0":0},"b":{},"hash":"35eaf87dc718fca9bdde67b64fe9291391c3bb0e"}
,"C:\\Users\\bored\\Desktop\\myreactapp\\src\\create-action-creators.js": {"path":"C:\\Users\\bored\\Desktop\\myreactapp\\src\\create-action-creators.js","statementMap":{"0":{"start":{"line":1,"column":35},"end":{"line":1,"column":56}},"1":{"start":{"line":2,"column":35},"end":{"line":2,"column":56}},"2":{"start":{"line":3,"column":26},"end":{"line":3,"column":38}}},"fnMap":{},"branchMap":{},"s":{"0":3,"1":3,"2":3},"f":{},"b":{},"_coverageSchema":"43e27e138ebf9cfc5966b082cf9a028302ed4184","hash":"0b57cde32af6b9889cbfe462e93c9b52fe902534"}
,"C:\\Users\\bored\\Desktop\\myreactapp\\src\\index.js": {"path":"C:\\Users\\bored\\Desktop\\myreactapp\\src\\index.js","statementMap":{"0":{"start":{"line":15,"column":20},"end":{"line":15,"column":50}},"1":{"start":{"line":17,"column":29},"end":{"line":31,"column":3}},"2":{"start":{"line":18,"column":21},"end":{"line":18,"column":35}},"3":{"start":{"line":20,"column":29},"end":{"line":20,"column":83}},"4":{"start":{"line":23,"column":8},"end":{"line":28,"column":7}},"5":{"start":{"line":30,"column":4},"end":{"line":30,"column":25}},"6":{"start":{"line":33,"column":21},"end":{"line":33,"column":70}},"7":{"start":{"line":38,"column":0},"end":{"line":41,"column":62}},"8":{"start":{"line":46,"column":0},"end":{"line":46,"column":27}}},"fnMap":{"0":{"name":"(anonymous_0)","decl":{"start":{"line":17,"column":29},"end":{"line":17,"column":30}},"loc":{"start":{"line":17,"column":35},"end":{"line":31,"column":3}},"line":17}},"branchMap":{"0":{"loc":{"start":{"line":20,"column":29},"end":{"line":20,"column":83}},"type":"binary-expr","locations":[{"start":{"line":20,"column":29},"end":{"line":20,"column":72}},{"start":{"line":20,"column":76},"end":{"line":20,"column":83}}],"line":20}},"s":{"0":0,"1":0,"2":0,"3":0,"4":0,"5":0,"6":0,"7":0,"8":0},"f":{"0":0},"b":{"0":[0,0]},"hash":"1464425572241c206fa6e48e1c825b174f3e6d4e"}
,"C:\\Users\\bored\\Desktop\\myreactapp\\src\\reducers.js": {"path":"C:\\Users\\bored\\Desktop\\myreactapp\\src\\reducers.js","statementMap":{"0":{"start":{"line":9,"column":21},"end":{"line":13,"column":1}},"1":{"start":{"line":15,"column":25},"end":{"line":30,"column":1}},"2":{"start":{"line":16,"column":4},"end":{"line":29,"column":5}},"3":{"start":{"line":18,"column":12},"end":{"line":18,"column":77}},"4":{"start":{"line":22,"column":12},"end":{"line":22,"column":77}},"5":{"start":{"line":25,"column":12},"end":{"line":25,"column":72}},"6":{"start":{"line":28,"column":12},"end":{"line":28,"column":25}}},"fnMap":{"0":{"name":"(anonymous_0)","decl":{"start":{"line":15,"column":25},"end":{"line":15,"column":26}},"loc":{"start":{"line":15,"column":61},"end":{"line":30,"column":1}},"line":15}},"branchMap":{"0":{"loc":{"start":{"line":15,"column":26},"end":{"line":15,"column":45}},"type":"default-arg","locations":[{"start":{"line":15,"column":33},"end":{"line":15,"column":45}}],"line":15},"1":{"loc":{"start":{"line":15,"column":47},"end":{"line":15,"column":56}},"type":"default-arg","locations":[{"start":{"line":15,"column":54},"end":{"line":15,"column":56}}],"line":15},"2":{"loc":{"start":{"line":16,"column":4},"end":{"line":29,"column":5}},"type":"switch","locations":[{"start":{"line":17,"column":8},"end":{"line":18,"column":77}},{"start":{"line":21,"column":8},"end":{"line":22,"column":77}},{"start":{"line":24,"column":8},"end":{"line":25,"column":72}},{"start":{"line":27,"column":8},"end":{"line":28,"column":25}}],"line":16}},"s":{"0":1,"1":1,"2":4,"3":1,"4":1,"5":1,"6":1},"f":{"0":4},"b":{"0":[1],"1":[0],"2":[1,1,1,1]},"_coverageSchema":"43e27e138ebf9cfc5966b082cf9a028302ed4184","hash":"f846408c40b44bbe99005f86f8101236d27a7d87"}
,"C:\\Users\\bored\\Desktop\\myreactapp\\src\\components\\Card.js": {"path":"C:\\Users\\bored\\Desktop\\myreactapp\\src\\components\\Card.js","statementMap":{"0":{"start":{"line":14,"column":18},"end":{"line":25,"column":4}},"1":{"start":{"line":29,"column":20},"end":{"line":29,"column":31}},"2":{"start":{"line":31,"column":4},"end":{"line":68,"column":6}}},"fnMap":{"0":{"name":"MediaCard","decl":{"start":{"line":28,"column":24},"end":{"line":28,"column":33}},"loc":{"start":{"line":28,"column":41},"end":{"line":69,"column":1}},"line":28}},"branchMap":{},"s":{"0":2,"1":1,"2":1},"f":{"0":1},"b":{},"_coverageSchema":"43e27e138ebf9cfc5966b082cf9a028302ed4184","hash":"370ab78f23d1517dd6f778431f2aa6426733f6a3"}
,"C:\\Users\\bored\\Desktop\\myreactapp\\src\\components\\CardList.js": {"path":"C:\\Users\\bored\\Desktop\\myreactapp\\src\\components\\CardList.js","statementMap":{"0":{"start":{"line":5,"column":18},"end":{"line":14,"column":4}},"1":{"start":{"line":17,"column":17},"end":{"line":42,"column":1}},"2":{"start":{"line":18,"column":20},"end":{"line":18,"column":31}},"3":{"start":{"line":19,"column":21},"end":{"line":19,"column":26}},"4":{"start":{"line":21,"column":4},"end":{"line":41,"column":6}},"5":{"start":{"line":26,"column":16},"end":{"line":37,"column":18}}},"fnMap":{"0":{"name":"(anonymous_0)","decl":{"start":{"line":17,"column":17},"end":{"line":17,"column":18}},"loc":{"start":{"line":17,"column":28},"end":{"line":42,"column":1}},"line":17},"1":{"name":"(anonymous_1)","decl":{"start":{"line":25,"column":23},"end":{"line":25,"column":24}},"loc":{"start":{"line":25,"column":36},"end":{"line":38,"column":13}},"line":25}},"branchMap":{"0":{"loc":{"start":{"line":24,"column":12},"end":{"line":38,"column":58}},"type":"cond-expr","locations":[{"start":{"line":25,"column":12},"end":{"line":38,"column":14}},{"start":{"line":38,"column":16},"end":{"line":38,"column":58}}],"line":24}},"s":{"0":1,"1":1,"2":1,"3":1,"4":1,"5":1},"f":{"0":1,"1":1},"b":{"0":[1,0]},"_coverageSchema":"43e27e138ebf9cfc5966b082cf9a028302ed4184","hash":"198cd809110b4e4579388ab04441f60600363686"}
,"C:\\Users\\bored\\Desktop\\myreactapp\\src\\components\\FilterMenu.js": {"path":"C:\\Users\\bored\\Desktop\\myreactapp\\src\\components\\FilterMenu.js","statementMap":{"0":{"start":{"line":3,"column":19},"end":{"line":15,"column":1}},"1":{"start":{"line":4,"column":4},"end":{"line":14,"column":6}}},"fnMap":{"0":{"name":"(anonymous_0)","decl":{"start":{"line":3,"column":19},"end":{"line":3,"column":20}},"loc":{"start":{"line":3,"column":52},"end":{"line":15,"column":1}},"line":3}},"branchMap":{},"s":{"0":1,"1":1},"f":{"0":1},"b":{},"_coverageSchema":"43e27e138ebf9cfc5966b082cf9a028302ed4184","hash":"57e3720c4be7a338948e9b3586de8cabf533d0d8"}
,"C:\\Users\\bored\\Desktop\\myreactapp\\src\\components\\Scroll.js": {"path":"C:\\Users\\bored\\Desktop\\myreactapp\\src\\components\\Scroll.js","statementMap":{"0":{"start":{"line":3,"column":15},"end":{"line":10,"column":1}},"1":{"start":{"line":5,"column":4},"end":{"line":9,"column":5}}},"fnMap":{"0":{"name":"(anonymous_0)","decl":{"start":{"line":3,"column":15},"end":{"line":3,"column":16}},"loc":{"start":{"line":3,"column":26},"end":{"line":10,"column":1}},"line":3}},"branchMap":{},"s":{"0":1,"1":1},"f":{"0":1},"b":{},"_coverageSchema":"43e27e138ebf9cfc5966b082cf9a028302ed4184","hash":"e4c66a1989848809cc1124012e2ad169a122f8f2"}
,"C:\\Users\\bored\\Desktop\\myreactapp\\src\\components\\SearchBox.js": {"path":"C:\\Users\\bored\\Desktop\\myreactapp\\src\\components\\SearchBox.js","statementMap":{"0":{"start":{"line":3,"column":18},"end":{"line":15,"column":1}},"1":{"start":{"line":4,"column":4},"end":{"line":14,"column":6}}},"fnMap":{"0":{"name":"(anonymous_0)","decl":{"start":{"line":3,"column":18},"end":{"line":3,"column":19}},"loc":{"start":{"line":3,"column":51},"end":{"line":15,"column":1}},"line":3}},"branchMap":{},"s":{"0":1,"1":1},"f":{"0":1},"b":{},"_coverageSchema":"43e27e138ebf9cfc5966b082cf9a028302ed4184","hash":"05203c39491e885302da5ac96df809944d6e614a"}
,"C:\\Users\\bored\\Desktop\\myreactapp\\src\\containers\\App.js": {"path":"C:\\Users\\bored\\Desktop\\myreactapp\\src\\containers\\App.js","statementMap":{"0":{"start":{"line":11,"column":18},"end":{"line":15,"column":3}},"1":{"start":{"line":17,"column":21},"end":{"line":21,"column":3}},"2":{"start":{"line":26,"column":9},"end":{"line":26,"column":38}},"3":{"start":{"line":30,"column":12},"end":{"line":44,"column":14}},"4":{"start":{"line":35,"column":56},"end":{"line":35,"column":97}},"5":{"start":{"line":36,"column":57},"end":{"line":36,"column":98}},"6":{"start":{"line":50,"column":0},"end":{"line":50,"column":32}},"7":{"start":{"line":51,"column":0},"end":{"line":51,"column":26}},"8":{"start":{"line":54,"column":47},"end":{"line":54,"column":62}},"9":{"start":{"line":56,"column":4},"end":{"line":60,"column":6}}},"fnMap":{"0":{"name":"(anonymous_0)","decl":{"start":{"line":25,"column":4},"end":{"line":25,"column":5}},"loc":{"start":{"line":25,"column":24},"end":{"line":27,"column":5}},"line":25},"1":{"name":"(anonymous_1)","decl":{"start":{"line":28,"column":4},"end":{"line":28,"column":5}},"loc":{"start":{"line":28,"column":13},"end":{"line":45,"column":9}},"line":28},"2":{"name":"(anonymous_2)","decl":{"start":{"line":35,"column":51},"end":{"line":35,"column":52}},"loc":{"start":{"line":35,"column":56},"end":{"line":35,"column":97}},"line":35},"3":{"name":"(anonymous_3)","decl":{"start":{"line":36,"column":52},"end":{"line":36,"column":53}},"loc":{"start":{"line":36,"column":57},"end":{"line":36,"column":98}},"line":36},"4":{"name":"(anonymous_4)","decl":{"start":{"line":53,"column":32},"end":{"line":53,"column":33}},"loc":{"start":{"line":53,"column":43},"end":{"line":61,"column":1}},"line":53}},"branchMap":{},"s":{"0":0,"1":0,"2":0,"3":0,"4":0,"5":0,"6":0,"7":0,"8":0,"9":0},"f":{"0":0,"1":0,"2":0,"3":0,"4":0},"b":{},"hash":"753bded5b51815badf1d34e9464f19e87193e02d"}
}
