TN:
SF:C:\Users\bored\Desktop\myreactapp\src\action-creators.js
FN:9,(anonymous_0)
FN:14,(anonymous_1)
FN:20,(anonymous_2)
FNF:3
FNH:3
FNDA:2,(anonymous_0)
FNDA:3,(anonymous_1)
FNDA:4,(anonymous_2)
DA:9,2
DA:14,3
DA:20,4
LF:3
LH:3
BRDA:9,0,0,0
BRDA:14,1,0,0
BRDA:20,2,0,0
BRF:3
BRH:0
end_of_record
TN:
SF:C:\Users\bored\Desktop\myreactapp\src\actions.js
FN:4,(anonymous_0)
FN:4,(anonymous_1)
FN:11,(anonymous_2)
FN:11,(anonymous_3)
FN:19,(anonymous_4)
FN:19,(anonymous_5)
FN:23,(anonymous_6)
FNF:7
FNH:7
FNDA:1,(anonymous_0)
FNDA:1,(anonymous_1)
FNDA:2,(anonymous_2)
FNDA:2,(anonymous_3)
FNDA:3,(anonymous_4)
FNDA:3,(anonymous_5)
FNDA:126,(anonymous_6)
DA:4,1
DA:5,1
DA:11,2
DA:12,2
DA:19,3
DA:20,3
DA:21,3
DA:23,3
DA:24,126
DA:27,84
DA:28,0
DA:30,84
DA:34,42
DA:36,0
DA:39,42
DA:44,3
LF:16
LH:14
BRDA:4,0,0,0
BRDA:11,1,0,0
BRDA:24,2,0,0
BRDA:24,2,1,84
BRDA:24,2,2,42
BRDA:27,3,0,0
BRDA:27,3,1,84
BRDA:27,4,0,84
BRDA:27,4,1,84
BRDA:30,5,0,84
BRDA:30,5,1,84
BRDA:34,6,0,0
BRDA:34,6,1,42
BRDA:39,7,0,42
BRDA:39,7,1,1
BRF:15
BRH:10
end_of_record
TN:
SF:C:\Users\bored\Desktop\myreactapp\src\connect-components.js
FN:6,(anonymous_0)
FNF:1
FNH:0
FNDA:0,(anonymous_0)
DA:7,0
LF:1
LH:0
BRF:0
BRH:0
end_of_record
TN:
SF:C:\Users\bored\Desktop\myreactapp\src\create-action-creators.js
FNF:0
FNH:0
DA:1,3
DA:2,3
DA:3,3
LF:3
LH:3
BRF:0
BRH:0
end_of_record
TN:
SF:C:\Users\bored\Desktop\myreactapp\src\index.js
FN:17,(anonymous_0)
FNF:1
FNH:0
FNDA:0,(anonymous_0)
DA:15,0
DA:17,0
DA:18,0
DA:20,0
DA:23,0
DA:30,0
DA:33,0
DA:38,0
DA:46,0
LF:9
LH:0
BRDA:20,0,0,0
BRDA:20,0,1,0
BRF:2
BRH:0
end_of_record
TN:
SF:C:\Users\bored\Desktop\myreactapp\src\reducers.js
FN:15,(anonymous_0)
FNF:1
FNH:1
FNDA:4,(anonymous_0)
DA:9,1
DA:15,1
DA:16,4
DA:18,1
DA:22,1
DA:25,1
DA:28,1
LF:7
LH:7
BRDA:15,0,0,1
BRDA:15,1,0,0
BRDA:16,2,0,1
BRDA:16,2,1,1
BRDA:16,2,2,1
BRDA:16,2,3,1
BRF:6
BRH:5
end_of_record
TN:
SF:C:\Users\bored\Desktop\myreactapp\src\components\Card.js
FN:28,MediaCard
FNF:1
FNH:1
FNDA:1,MediaCard
DA:14,2
DA:29,1
DA:31,1
LF:3
LH:3
BRF:0
BRH:0
end_of_record
TN:
SF:C:\Users\bored\Desktop\myreactapp\src\components\CardList.js
FN:17,(anonymous_0)
FN:25,(anonymous_1)
FNF:2
FNH:2
FNDA:1,(anonymous_0)
FNDA:1,(anonymous_1)
DA:5,1
DA:17,1
DA:18,1
DA:19,1
DA:21,1
DA:26,1
LF:6
LH:6
BRDA:24,0,0,1
BRDA:24,0,1,0
BRF:2
BRH:1
end_of_record
TN:
SF:C:\Users\bored\Desktop\myreactapp\src\components\FilterMenu.js
FN:3,(anonymous_0)
FNF:1
FNH:1
FNDA:1,(anonymous_0)
DA:3,1
DA:4,1
LF:2
LH:2
BRF:0
BRH:0
end_of_record
TN:
SF:C:\Users\bored\Desktop\myreactapp\src\components\Scroll.js
FN:3,(anonymous_0)
FNF:1
FNH:1
FNDA:1,(anonymous_0)
DA:3,1
DA:5,1
LF:2
LH:2
BRF:0
BRH:0
end_of_record
TN:
SF:C:\Users\bored\Desktop\myreactapp\src\components\SearchBox.js
FN:3,(anonymous_0)
FNF:1
FNH:1
FNDA:1,(anonymous_0)
DA:3,1
DA:4,1
LF:2
LH:2
BRF:0
BRH:0
end_of_record
TN:
SF:C:\Users\bored\Desktop\myreactapp\src\containers\App.js
FN:25,(anonymous_0)
FN:28,(anonymous_1)
FN:35,(anonymous_2)
FN:36,(anonymous_3)
FN:53,(anonymous_4)
FNF:5
FNH:0
FNDA:0,(anonymous_0)
FNDA:0,(anonymous_1)
FNDA:0,(anonymous_2)
FNDA:0,(anonymous_3)
FNDA:0,(anonymous_4)
DA:11,0
DA:17,0
DA:26,0
DA:30,0
DA:35,0
DA:36,0
DA:50,0
DA:51,0
DA:54,0
DA:56,0
LF:10
LH:0
BRF:0
BRH:0
end_of_record
